WARNING: A terminally deprecated method in sun.misc.Unsafe has been called
WARNING: sun.misc.Unsafe::staticFieldBase has been called by com.google.inject.internal.aop.HiddenClassDefiner (file:/C:/Users/lenovo/.m2/wrapper/dists/apache-maven-3.9.11/03d7e36a140982eea48e22c1dcac01d8862b2550b2939e09a0809bbc5182a5bc/lib/guice-5.1.0-classes.jar)
WARNING: Please consider reporting this to the maintainers of class com.google.inject.internal.aop.HiddenClassDefiner
WARNING: sun.misc.Unsafe::staticFieldBase will be removed in a future release
[INFO] Scanning for projects...
[WARNING] 
[WARNING] Some problems were encountered while building the effective model for com.ram:javabackend:jar:0.0.1-SNAPSHOT
[WARNING] 'dependencies.dependency.(groupId:artifactId:type:classifier)' must be unique: org.springframework.boot:spring-boot-devtools:jar -> duplicate declaration of version (?) @ line 57, column 15
[WARNING] 
[WARNING] It is highly recommended to fix these problems because they threaten the stability of your build.
[WARNING] 
[WARNING] For this reason, future Maven versions might no longer support building such malformed projects.
[WARNING] 
[INFO] 
[INFO] ------------------------< com.ram:javabackend >-------------------------
[INFO] Building javabackend 0.0.1-SNAPSHOT
[INFO]   from pom.xml
[INFO] --------------------------------[ jar ]---------------------------------
[INFO] 
[INFO] --- clean:3.3.2:clean (default-clean) @ javabackend ---
[INFO] Deleting C:\Users\lenovo\OneDrive\Desktop\javabackend\target
[INFO] 
[INFO] --- resources:3.3.1:resources (default-resources) @ javabackend ---
[INFO] Copying 1 resource from src\main\resources to target\classes
[INFO] Copying 0 resource from src\main\resources to target\classes
[INFO] 
[INFO] --- compiler:3.13.0:compile (default-compile) @ javabackend ---
[INFO] Recompiling the module because of changed source code.
[INFO] Compiling 39 source files with javac [debug parameters release 21] to target\classes
[INFO] /C:/Users/lenovo/OneDrive/Desktop/javabackend/src/main/java/com/ram/javabackend/security/JwtUtil.java: C:\Users\lenovo\OneDrive\Desktop\javabackend\src\main\java\com\ram\javabackend\security\JwtUtil.java uses or overrides a deprecated API.
[INFO] /C:/Users/lenovo/OneDrive/Desktop/javabackend/src/main/java/com/ram/javabackend/security/JwtUtil.java: Recompile with -Xlint:deprecation for details.
[INFO] -------------------------------------------------------------
[ERROR] COMPILATION ERROR : 
[INFO] -------------------------------------------------------------
[ERROR] /C:/Users/lenovo/OneDrive/Desktop/javabackend/src/main/java/com/ram/javabackend/service/impl/CourseServiceImpl.java:[26,22] cannot find symbol
  symbol:   method getName()
  location: variable dto of type com.ram.javabackend.dto.CourseDto
[ERROR] /C:/Users/lenovo/OneDrive/Desktop/javabackend/src/main/java/com/ram/javabackend/service/impl/CourseServiceImpl.java:[27,29] cannot find symbol
  symbol:   method getDescription()
  location: variable dto of type com.ram.javabackend.dto.CourseDto
[ERROR] /C:/Users/lenovo/OneDrive/Desktop/javabackend/src/main/java/com/ram/javabackend/service/impl/CourseServiceImpl.java:[55,12] cannot find symbol
  symbol:   method setId(java.lang.Long)
  location: variable dto of type com.ram.javabackend.dto.CourseDto
[ERROR] /C:/Users/lenovo/OneDrive/Desktop/javabackend/src/main/java/com/ram/javabackend/service/impl/CourseServiceImpl.java:[56,22] cannot find symbol
  symbol:   method getName()
  location: variable c of type com.ram.javabackend.entity.Course
[ERROR] /C:/Users/lenovo/OneDrive/Desktop/javabackend/src/main/java/com/ram/javabackend/service/impl/CourseServiceImpl.java:[57,29] cannot find symbol
  symbol:   method getDescription()
  location: variable c of type com.ram.javabackend.entity.Course
[ERROR] /C:/Users/lenovo/OneDrive/Desktop/javabackend/src/main/java/com/ram/javabackend/service/impl/EnrollmentServiceImpl.java:[35,51] cannot find symbol
  symbol:   method getStudentId()
  location: variable dto of type com.ram.javabackend.dto.EnrollmentDto
[ERROR] /C:/Users/lenovo/OneDrive/Desktop/javabackend/src/main/java/com/ram/javabackend/service/impl/EnrollmentServiceImpl.java:[38,48] cannot find symbol
  symbol:   method getCourseId()
  location: variable dto of type com.ram.javabackend.dto.EnrollmentDto
[ERROR] /C:/Users/lenovo/OneDrive/Desktop/javabackend/src/main/java/com/ram/javabackend/service/impl/EnrollmentServiceImpl.java:[48,17] cannot find symbol
  symbol:   method setId(java.lang.Long)
  location: variable response of type com.ram.javabackend.dto.EnrollmentDto
[ERROR] /C:/Users/lenovo/OneDrive/Desktop/javabackend/src/main/java/com/ram/javabackend/service/impl/EnrollmentServiceImpl.java:[49,17] cannot find symbol
  symbol:   method setStudentId(java.lang.Long)
  location: variable response of type com.ram.javabackend.dto.EnrollmentDto
[ERROR] /C:/Users/lenovo/OneDrive/Desktop/javabackend/src/main/java/com/ram/javabackend/service/impl/EnrollmentServiceImpl.java:[50,17] cannot find symbol
  symbol:   method setCourseId(java.lang.Long)
  location: variable response of type com.ram.javabackend.dto.EnrollmentDto
[ERROR] /C:/Users/lenovo/OneDrive/Desktop/javabackend/src/main/java/com/ram/javabackend/service/impl/TeacherServiceImpl.java:[25,22] cannot find symbol
  symbol:   method getName()
  location: variable dto of type com.ram.javabackend.dto.TeacherDto
[ERROR] /C:/Users/lenovo/OneDrive/Desktop/javabackend/src/main/java/com/ram/javabackend/service/impl/TeacherServiceImpl.java:[26,25] cannot find symbol
  symbol:   method getSubject()
  location: variable dto of type com.ram.javabackend.dto.TeacherDto
[ERROR] /C:/Users/lenovo/OneDrive/Desktop/javabackend/src/main/java/com/ram/javabackend/service/impl/TeacherServiceImpl.java:[39,12] cannot find symbol
  symbol:   method setId(java.lang.Long)
  location: variable dto of type com.ram.javabackend.dto.TeacherDto
[ERROR] /C:/Users/lenovo/OneDrive/Desktop/javabackend/src/main/java/com/ram/javabackend/service/impl/TeacherServiceImpl.java:[40,12] cannot find symbol
  symbol:   method setName(java.lang.String)
  location: variable dto of type com.ram.javabackend.dto.TeacherDto
[ERROR] /C:/Users/lenovo/OneDrive/Desktop/javabackend/src/main/java/com/ram/javabackend/service/impl/TeacherServiceImpl.java:[41,12] cannot find symbol
  symbol:   method setSubject(java.lang.String)
  location: variable dto of type com.ram.javabackend.dto.TeacherDto
[INFO] 15 errors 
[INFO] -------------------------------------------------------------
[INFO] ------------------------------------------------------------------------
[INFO] BUILD FAILURE
[INFO] ------------------------------------------------------------------------
[INFO] Total time:  6.562 s
[INFO] Finished at: 2025-11-27T10:38:24+05:30
[INFO] ------------------------------------------------------------------------
[ERROR] Failed to execute goal org.apache.maven.plugins:maven-compiler-plugin:3.13.0:compile (default-compile) on project javabackend: Compilation failure: Compilation failure: 
[ERROR] /C:/Users/lenovo/OneDrive/Desktop/javabackend/src/main/java/com/ram/javabackend/service/impl/CourseServiceImpl.java:[26,22] cannot find symbol
[ERROR]   symbol:   method getName()
[ERROR]   location: variable dto of type com.ram.javabackend.dto.CourseDto
[ERROR] /C:/Users/lenovo/OneDrive/Desktop/javabackend/src/main/java/com/ram/javabackend/service/impl/CourseServiceImpl.java:[27,29] cannot find symbol
[ERROR]   symbol:   method getDescription()
[ERROR]   location: variable dto of type com.ram.javabackend.dto.CourseDto
[ERROR] /C:/Users/lenovo/OneDrive/Desktop/javabackend/src/main/java/com/ram/javabackend/service/impl/CourseServiceImpl.java:[55,12] cannot find symbol
[ERROR]   symbol:   method setId(java.lang.Long)
[ERROR]   location: variable dto of type com.ram.javabackend.dto.CourseDto
[ERROR] /C:/Users/lenovo/OneDrive/Desktop/javabackend/src/main/java/com/ram/javabackend/service/impl/CourseServiceImpl.java:[56,22] cannot find symbol
[ERROR]   symbol:   method getName()
[ERROR]   location: variable c of type com.ram.javabackend.entity.Course
[ERROR] /C:/Users/lenovo/OneDrive/Desktop/javabackend/src/main/java/com/ram/javabackend/service/impl/CourseServiceImpl.java:[57,29] cannot find symbol
[ERROR]   symbol:   method getDescription()
[ERROR]   location: variable c of type com.ram.javabackend.entity.Course
[ERROR] /C:/Users/lenovo/OneDrive/Desktop/javabackend/src/main/java/com/ram/javabackend/service/impl/EnrollmentServiceImpl.java:[35,51] cannot find symbol
[ERROR]   symbol:   method getStudentId()
[ERROR]   location: variable dto of type com.ram.javabackend.dto.EnrollmentDto
[ERROR] /C:/Users/lenovo/OneDrive/Desktop/javabackend/src/main/java/com/ram/javabackend/service/impl/EnrollmentServiceImpl.java:[38,48] cannot find symbol
[ERROR]   symbol:   method getCourseId()
[ERROR]   location: variable dto of type com.ram.javabackend.dto.EnrollmentDto
[ERROR] /C:/Users/lenovo/OneDrive/Desktop/javabackend/src/main/java/com/ram/javabackend/service/impl/EnrollmentServiceImpl.java:[48,17] cannot find symbol
[ERROR]   symbol:   method setId(java.lang.Long)
[ERROR]   location: variable response of type com.ram.javabackend.dto.EnrollmentDto
[ERROR] /C:/Users/lenovo/OneDrive/Desktop/javabackend/src/main/java/com/ram/javabackend/service/impl/EnrollmentServiceImpl.java:[49,17] cannot find symbol
[ERROR]   symbol:   method setStudentId(java.lang.Long)
[ERROR]   location: variable response of type com.ram.javabackend.dto.EnrollmentDto
[ERROR] /C:/Users/lenovo/OneDrive/Desktop/javabackend/src/main/java/com/ram/javabackend/service/impl/EnrollmentServiceImpl.java:[50,17] cannot find symbol
[ERROR]   symbol:   method setCourseId(java.lang.Long)
[ERROR]   location: variable response of type com.ram.javabackend.dto.EnrollmentDto
[ERROR] /C:/Users/lenovo/OneDrive/Desktop/javabackend/src/main/java/com/ram/javabackend/service/impl/TeacherServiceImpl.java:[25,22] cannot find symbol
[ERROR]   symbol:   method getName()
[ERROR]   location: variable dto of type com.ram.javabackend.dto.TeacherDto
[ERROR] /C:/Users/lenovo/OneDrive/Desktop/javabackend/src/main/java/com/ram/javabackend/service/impl/TeacherServiceImpl.java:[26,25] cannot find symbol
[ERROR]   symbol:   method getSubject()
[ERROR]   location: variable dto of type com.ram.javabackend.dto.TeacherDto
[ERROR] /C:/Users/lenovo/OneDrive/Desktop/javabackend/src/main/java/com/ram/javabackend/service/impl/TeacherServiceImpl.java:[39,12] cannot find symbol
[ERROR]   symbol:   method setId(java.lang.Long)
[ERROR]   location: variable dto of type com.ram.javabackend.dto.TeacherDto
[ERROR] /C:/Users/lenovo/OneDrive/Desktop/javabackend/src/main/java/com/ram/javabackend/service/impl/TeacherServiceImpl.java:[40,12] cannot find symbol
[ERROR]   symbol:   method setName(java.lang.String)
[ERROR]   location: variable dto of type com.ram.javabackend.dto.TeacherDto
[ERROR] /C:/Users/lenovo/OneDrive/Desktop/javabackend/src/main/java/com/ram/javabackend/service/impl/TeacherServiceImpl.java:[41,12] cannot find symbol
[ERROR]   symbol:   method setSubject(java.lang.String)
[ERROR]   location: variable dto of type com.ram.javabackend.dto.TeacherDto
[ERROR] -> [Help 1]
[ERROR] 
[ERROR] To see the full stack trace of the errors, re-run Maven with the -e switch.
[ERROR] Re-run Maven using the -X switch to enable full debug logging.
[ERROR] 
[ERROR] For more information about the errors and possible solutions, please read the following articles:
[ERROR] [Help 1] http://cwiki.apache.org/confluence/display/MAVEN/MojoFailureException
