WARNING: A terminally deprecated method in sun.misc.Unsafe has been called
WARNING: sun.misc.Unsafe::staticFieldBase has been called by com.google.inject.internal.aop.HiddenClassDefiner (file:/C:/Users/lenovo/.m2/wrapper/dists/apache-maven-3.9.11/03d7e36a140982eea48e22c1dcac01d8862b2550b2939e09a0809bbc5182a5bc/lib/guice-5.1.0-classes.jar)
WARNING: Please consider reporting this to the maintainers of class com.google.inject.internal.aop.HiddenClassDefiner
WARNING: sun.misc.Unsafe::staticFieldBase will be removed in a future release
[INFO] Scanning for projects...
[INFO] 
[INFO] ------------------------< com.ram:javabackend >-------------------------
[INFO] Building javabackend 0.0.1-SNAPSHOT
[INFO]   from pom.xml
[INFO] --------------------------------[ jar ]---------------------------------
Downloading from central: https://repo.maven.apache.org/maven2/org/projectlombok/lombok/1.18.36/lombok-1.18.36.pom
Progress (1): 1.1 kBProgress (1): 1.5 kB                    Downloaded from central: https://repo.maven.apache.org/maven2/org/projectlombok/lombok/1.18.36/lombok-1.18.36.pom (1.5 kB at 1.4 kB/s)
Downloading from central: https://repo.maven.apache.org/maven2/org/projectlombok/lombok/1.18.36/lombok-1.18.36.jar
Progress (1): 0/2.1 MBProgress (1): 0/2.1 MBProgress (1): 0/2.1 MBProgress (1): 0/2.1 MBProgress (1): 0/2.1 MBProgress (1): 0/2.1 MBProgress (1): 0/2.1 MBProgress (1): 0/2.1 MBProgress (1): 0/2.1 MBProgress (1): 0/2.1 MBProgress (1): 0/2.1 MBProgress (1): 0/2.1 MBProgress (1): 0/2.1 MBProgress (1): 0/2.1 MBProgress (1): 0/2.1 MBProgress (1): 0/2.1 MBProgress (1): 0/2.1 MBProgress (1): 0/2.1 MBProgress (1): 0/2.1 MBProgress (1): 0/2.1 MBProgress (1): 0/2.1 MBProgress (1): 0/2.1 MBProgress (1): 0/2.1 MBProgress (1): 0/2.1 MBProgress (1): 0/2.1 MBProgress (1): 0/2.1 MBProgress (1): 0/2.1 MBProgress (1): 0/2.1 MBProgress (1): 0/2.1 MBProgress (1): 0/2.1 MBProgress (1): 0/2.1 MBProgress (1): 0/2.1 MBProgress (1): 0/2.1 MBProgress (1): 0/2.1 MBProgress (1): 0/2.1 MBProgress (1): 0/2.1 MBProgress (1): 0/2.1 MBProgress (1): 0.1/2.1 MBProgress (1): 0.1/2.1 MBProgress (1): 0.1/2.1 MBProgress (1): 0.1/2.1 MBProgress (1): 0.1/2.1 MBProgress (1): 0.1/2.1 MBProgress (1): 0.1/2.1 MBProgress (1): 0.1/2.1 MBProgress (1): 0.1/2.1 MBProgress (1): 0.1/2.1 MBProgress (1): 0.1/2.1 MBProgress (1): 0.1/2.1 MBProgress (1): 0.1/2.1 MBProgress (1): 0.1/2.1 MBProgress (1): 0.1/2.1 MBProgress (1): 0.1/2.1 MBProgress (1): 0.1/2.1 MBProgress (1): 0.1/2.1 MBProgress (1): 0.1/2.1 MBProgress (1): 0.1/2.1 MBProgress (1): 0.1/2.1 MBProgress (1): 0.1/2.1 MBProgress (1): 0.1/2.1 MBProgress (1): 0.1/2.1 MBProgress (1): 0.1/2.1 MBProgress (1): 0.2/2.1 MBProgress (1): 0.2/2.1 MBProgress (1): 0.2/2.1 MBProgress (1): 0.2/2.1 MBProgress (1): 0.2/2.1 MBProgress (1): 0.2/2.1 MBProgress (1): 0.2/2.1 MBProgress (1): 0.2/2.1 MBProgress (1): 0.2/2.1 MBProgress (1): 0.2/2.1 MBProgress (1): 0.2/2.1 MBProgress (1): 0.2/2.1 MBProgress (1): 0.2/2.1 MBProgress (1): 0.2/2.1 MBProgress (1): 0.2/2.1 MBProgress (1): 0.2/2.1 MBProgress (1): 0.2/2.1 MBProgress (1): 0.2/2.1 MBProgress (1): 0.3/2.1 MBProgress (1): 0.3/2.1 MBProgress (1): 0.3/2.1 MBProgress (1): 0.3/2.1 MBProgress (1): 0.3/2.1 MBProgress (1): 0.3/2.1 MBProgress (1): 0.3/2.1 MBProgress (1): 0.4/2.1 MBProgress (1): 0.4/2.1 MBProgress (1): 0.4/2.1 MBProgress (1): 0.4/2.1 MBProgress (1): 0.4/2.1 MBProgress (1): 0.4/2.1 MBProgress (1): 0.5/2.1 MBProgress (1): 0.5/2.1 MBProgress (1): 0.5/2.1 MBProgress (1): 0.5/2.1 MBProgress (1): 0.5/2.1 MBProgress (1): 0.5/2.1 MBProgress (1): 0.5/2.1 MBProgress (1): 0.6/2.1 MBProgress (1): 0.6/2.1 MBProgress (1): 0.6/2.1 MBProgress (1): 0.6/2.1 MBProgress (1): 0.6/2.1 MBProgress (1): 0.6/2.1 MBProgress (1): 0.7/2.1 MBProgress (1): 0.7/2.1 MBProgress (1): 0.7/2.1 MBProgress (1): 0.7/2.1 MBProgress (1): 0.7/2.1 MBProgress (1): 0.7/2.1 MBProgress (1): 0.8/2.1 MBProgress (1): 0.8/2.1 MBProgress (1): 0.8/2.1 MBProgress (1): 0.8/2.1 MBProgress (1): 0.8/2.1 MBProgress (1): 0.8/2.1 MBProgress (1): 0.9/2.1 MBProgress (1): 0.9/2.1 MBProgress (1): 0.9/2.1 MBProgress (1): 0.9/2.1 MBProgress (1): 0.9/2.1 MBProgress (1): 0.9/2.1 MBProgress (1): 1.0/2.1 MBProgress (1): 1.0/2.1 MBProgress (1): 1.0/2.1 MBProgress (1): 1.0/2.1 MBProgress (1): 1.0/2.1 MBProgress (1): 1.0/2.1 MBProgress (1): 1.1/2.1 MBProgress (1): 1.1/2.1 MBProgress (1): 1.1/2.1 MBProgress (1): 1.1/2.1 MBProgress (1): 1.1/2.1 MBProgress (1): 1.1/2.1 MBProgress (1): 1.2/2.1 MBProgress (1): 1.2/2.1 MBProgress (1): 1.2/2.1 MBProgress (1): 1.2/2.1 MBProgress (1): 1.2/2.1 MBProgress (1): 1.2/2.1 MBProgress (1): 1.3/2.1 MBProgress (1): 1.3/2.1 MBProgress (1): 1.3/2.1 MBProgress (1): 1.3/2.1 MBProgress (1): 1.3/2.1 MBProgress (1): 1.3/2.1 MBProgress (1): 1.3/2.1 MBProgress (1): 1.4/2.1 MBProgress (1): 1.4/2.1 MBProgress (1): 1.4/2.1 MBProgress (1): 1.4/2.1 MBProgress (1): 1.4/2.1 MBProgress (1): 1.4/2.1 MBProgress (1): 1.4/2.1 MBProgress (1): 1.5/2.1 MBProgress (1): 1.5/2.1 MBProgress (1): 1.5/2.1 MBProgress (1): 1.5/2.1 MBProgress (1): 1.5/2.1 MBProgress (1): 1.5/2.1 MBProgress (1): 1.6/2.1 MBProgress (1): 1.6/2.1 MBProgress (1): 1.6/2.1 MBProgress (1): 1.6/2.1 MBProgress (1): 1.6/2.1 MBProgress (1): 1.6/2.1 MBProgress (1): 1.6/2.1 MBProgress (1): 1.7/2.1 MBProgress (1): 1.7/2.1 MBProgress (1): 1.7/2.1 MBProgress (1): 1.7/2.1 MBProgress (1): 1.7/2.1 MBProgress (1): 1.7/2.1 MBProgress (1): 1.8/2.1 MBProgress (1): 1.8/2.1 MBProgress (1): 1.8/2.1 MBProgress (1): 1.8/2.1 MBProgress (1): 1.8/2.1 MBProgress (1): 1.8/2.1 MBProgress (1): 1.9/2.1 MBProgress (1): 1.9/2.1 MBProgress (1): 1.9/2.1 MBProgress (1): 1.9/2.1 MBProgress (1): 1.9/2.1 MBProgress (1): 1.9/2.1 MBProgress (1): 2.0/2.1 MBProgress (1): 2.0/2.1 MBProgress (1): 2.0/2.1 MBProgress (1): 2.0/2.1 MBProgress (1): 2.0/2.1 MBProgress (1): 2.0/2.1 MBProgress (1): 2.1 MB                        Downloaded from central: https://repo.maven.apache.org/maven2/org/projectlombok/lombok/1.18.36/lombok-1.18.36.jar (2.1 MB at 4.7 MB/s)
[INFO] 
[INFO] --- clean:3.3.2:clean (default-clean) @ javabackend ---
[INFO] Deleting C:\Users\lenovo\OneDrive\Desktop\javabackend\target
[INFO] 
[INFO] --- resources:3.3.1:resources (default-resources) @ javabackend ---
[INFO] Copying 1 resource from src\main\resources to target\classes
[INFO] Copying 0 resource from src\main\resources to target\classes
[INFO] 
[INFO] --- compiler:3.13.0:compile (default-compile) @ javabackend ---
[INFO] Recompiling the module because of changed dependency.
[INFO] Compiling 39 source files with javac [debug parameters release 21] to target\classes
[INFO] ------------------------------------------------------------------------
[INFO] BUILD FAILURE
[INFO] ------------------------------------------------------------------------
[INFO] Total time:  8.667 s
[INFO] Finished at: 2025-11-27T10:51:17+05:30
[INFO] ------------------------------------------------------------------------
[ERROR] Failed to execute goal org.apache.maven.plugins:maven-compiler-plugin:3.13.0:compile (default-compile) on project javabackend: Fatal error compiling: java.lang.ExceptionInInitializerError: com.sun.tools.javac.code.TypeTag :: UNKNOWN -> [Help 1]
[ERROR] 
[ERROR] To see the full stack trace of the errors, re-run Maven with the -e switch.
[ERROR] Re-run Maven using the -X switch to enable full debug logging.
[ERROR] 
[ERROR] For more information about the errors and possible solutions, please read the following articles:
[ERROR] [Help 1] http://cwiki.apache.org/confluence/display/MAVEN/MojoExecutionException
